<?xml version="1.0" encoding="UTF-8"?>
<!-- Generated by org.testng.reporters.JUnitReportReporter -->
<testsuite hostname="himas-mbp.lan" failures="0" tests="1" name="testCases.TC_002_Login" time="2.449" errors="0" timestamp="2021-08-18T01:18:18 EDT" skipped="0">
  <testcase classname="testCases.TC_002_Login" name="test_Login" time="2.449"/>
  <system-out/>
</testsuite> <!-- testCases.TC_002_Login -->
